2024-12-24T14:46:26.817+01:00  INFO 2748 --- [main] ma.ac.emi.student.StudentApplication     : Starting StudentApplication using Java 17.0.10 with PID 2748 (C:\Users\Smart Lenovo\OneDrive - EMI University\Bureau\Service\backend\Student\target\classes started by Smart Lenovo in C:\Users\Smart Lenovo\OneDrive - EMI University\Bureau\Service\backend\Student)
2024-12-24T14:46:26.819+01:00  INFO 2748 --- [main] ma.ac.emi.student.StudentApplication     : No active profile set, falling back to 1 default profile: "default"
2024-12-24T14:46:26.861+01:00  INFO 2748 --- [main] o.s.c.c.c.ConfigServerConfigDataLoader   : Fetching config from server at : http://localhost:8085
2024-12-24T14:46:26.862+01:00  INFO 2748 --- [main] o.s.c.c.c.ConfigServerConfigDataLoader   : Located environment: name=Student, profiles=[default], label=null, version=0230888e1e8d5765de795da8eb3fb07b3ad8b3fb, state=
2024-12-24T14:46:28.107+01:00  INFO 2748 --- [main] .s.d.r.c.RepositoryConfigurationDelegate : Bootstrapping Spring Data JPA repositories in DEFAULT mode.
2024-12-24T14:46:28.260+01:00  INFO 2748 --- [main] .s.d.r.c.RepositoryConfigurationDelegate : Finished Spring Data repository scanning in 145 ms. Found 1 JPA repository interfaces.
2024-12-24T14:46:28.497+01:00  INFO 2748 --- [main] faultConfiguringBeanFactoryPostProcessor : No bean named 'errorChannel' has been explicitly defined. Therefore, a default PublishSubscribeChannel will be created.
2024-12-24T14:46:28.511+01:00  INFO 2748 --- [main] faultConfiguringBeanFactoryPostProcessor : No bean named 'integrationHeaderChannelRegistry' has been explicitly defined. Therefore, a default DefaultHeaderChannelRegistry will be created.
2024-12-24T14:46:28.673+01:00  INFO 2748 --- [main] o.s.cloud.context.scope.GenericScope     : BeanFactory id=7773ba9f-3cb3-3dc8-94cf-0b8356267ee7
2024-12-24T14:46:28.859+01:00  INFO 2748 --- [main] trationDelegate$BeanPostProcessorChecker : Bean 'org.springframework.boot.autoconfigure.integration.IntegrationAutoConfiguration$IntegrationJmxConfiguration' of type [org.springframework.boot.autoconfigure.integration.IntegrationAutoConfiguration$IntegrationJmxConfiguration] is not eligible for getting processed by all BeanPostProcessors (for example: not eligible for auto-proxying)
2024-12-24T14:46:28.872+01:00  INFO 2748 --- [main] trationDelegate$BeanPostProcessorChecker : Bean 'org.springframework.cloud.stream.config.BindersHealthIndicatorAutoConfiguration' of type [org.springframework.cloud.stream.config.BindersHealthIndicatorAutoConfiguration] is not eligible for getting processed by all BeanPostProcessors (for example: not eligible for auto-proxying)
2024-12-24T14:46:28.875+01:00  INFO 2748 --- [main] trationDelegate$BeanPostProcessorChecker : Bean 'bindersHealthContributor' of type [org.springframework.cloud.stream.config.BindersHealthIndicatorAutoConfiguration$BindersHealthContributor] is not eligible for getting processed by all BeanPostProcessors (for example: not eligible for auto-proxying)
2024-12-24T14:46:28.876+01:00  INFO 2748 --- [main] trationDelegate$BeanPostProcessorChecker : Bean 'bindersHealthIndicatorListener' of type [org.springframework.cloud.stream.config.BindersHealthIndicatorAutoConfiguration$BindersHealthIndicatorListener] is not eligible for getting processed by all BeanPostProcessors (for example: not eligible for auto-proxying)
2024-12-24T14:46:28.880+01:00  INFO 2748 --- [main] trationDelegate$BeanPostProcessorChecker : Bean 'org.springframework.cloud.stream.binder.rabbit.config.ExtendedBindingHandlerMappingsProviderConfiguration' of type [org.springframework.cloud.stream.binder.rabbit.config.ExtendedBindingHandlerMappingsProviderConfiguration] is not eligible for getting processed by all BeanPostProcessors (for example: not eligible for auto-proxying)
2024-12-24T14:46:28.881+01:00  INFO 2748 --- [main] trationDelegate$BeanPostProcessorChecker : Bean 'rabbitExtendedPropertiesDefaultMappingsProvider' of type [org.springframework.cloud.stream.binder.rabbit.config.ExtendedBindingHandlerMappingsProviderConfiguration$$Lambda$726/0x0000026a454f8c20] is not eligible for getting processed by all BeanPostProcessors (for example: not eligible for auto-proxying)
2024-12-24T14:46:28.882+01:00  INFO 2748 --- [main] trationDelegate$BeanPostProcessorChecker : Bean 'BindingHandlerAdvise' of type [org.springframework.cloud.stream.config.BindingHandlerAdvise] is not eligible for getting processed by all BeanPostProcessors (for example: not eligible for auto-proxying)
2024-12-24T14:46:28.882+01:00  INFO 2748 --- [main] trationDelegate$BeanPostProcessorChecker : Bean 'org.springframework.cloud.commons.config.CommonsConfigAutoConfiguration' of type [org.springframework.cloud.commons.config.CommonsConfigAutoConfiguration] is not eligible for getting processed by all BeanPostProcessors (for example: not eligible for auto-proxying)
2024-12-24T14:46:28.884+01:00  INFO 2748 --- [main] trationDelegate$BeanPostProcessorChecker : Bean 'org.springframework.cloud.client.loadbalancer.LoadBalancerDefaultMappingsProviderAutoConfiguration' of type [org.springframework.cloud.client.loadbalancer.LoadBalancerDefaultMappingsProviderAutoConfiguration] is not eligible for getting processed by all BeanPostProcessors (for example: not eligible for auto-proxying)
2024-12-24T14:46:28.885+01:00  INFO 2748 --- [main] trationDelegate$BeanPostProcessorChecker : Bean 'loadBalancerClientsDefaultsMappingsProvider' of type [org.springframework.cloud.client.loadbalancer.LoadBalancerDefaultMappingsProviderAutoConfiguration$$Lambda$727/0x0000026a454f8400] is not eligible for getting processed by all BeanPostProcessors (for example: not eligible for auto-proxying)
2024-12-24T14:46:28.885+01:00  INFO 2748 --- [main] trationDelegate$BeanPostProcessorChecker : Bean 'defaultsBindHandlerAdvisor' of type [org.springframework.cloud.commons.config.DefaultsBindHandlerAdvisor] is not eligible for getting processed by all BeanPostProcessors (for example: not eligible for auto-proxying)
2024-12-24T14:46:28.896+01:00  INFO 2748 --- [main] trationDelegate$BeanPostProcessorChecker : Bean 'spelConverter' of type [org.springframework.cloud.stream.config.SpelExpressionConverterConfiguration$SpelConverter] is not eligible for getting processed by all BeanPostProcessors (for example: not eligible for auto-proxying)
2024-12-24T14:46:28.902+01:00  INFO 2748 --- [main] trationDelegate$BeanPostProcessorChecker : Bean 'spring.jmx-org.springframework.boot.autoconfigure.jmx.JmxProperties' of type [org.springframework.boot.autoconfigure.jmx.JmxProperties] is not eligible for getting processed by all BeanPostProcessors (for example: not eligible for auto-proxying)
2024-12-24T14:46:28.917+01:00  INFO 2748 --- [main] trationDelegate$BeanPostProcessorChecker : Bean 'org.springframework.boot.autoconfigure.jmx.JmxAutoConfiguration' of type [org.springframework.boot.autoconfigure.jmx.JmxAutoConfiguration] is not eligible for getting processed by all BeanPostProcessors (for example: not eligible for auto-proxying)
2024-12-24T14:46:28.920+01:00  INFO 2748 --- [main] trationDelegate$BeanPostProcessorChecker : Bean 'mbeanServer' of type [com.sun.jmx.mbeanserver.JmxMBeanServer] is not eligible for getting processed by all BeanPostProcessors (for example: not eligible for auto-proxying)
2024-12-24T14:46:28.957+01:00  INFO 2748 --- [main] trationDelegate$BeanPostProcessorChecker : Bean 'org.springframework.cloud.client.loadbalancer.reactive.LoadBalancerBeanPostProcessorAutoConfiguration' of type [org.springframework.cloud.client.loadbalancer.reactive.LoadBalancerBeanPostProcessorAutoConfiguration] is not eligible for getting processed by all BeanPostProcessors (for example: not eligible for auto-proxying)
2024-12-24T14:46:28.958+01:00  INFO 2748 --- [main] trationDelegate$BeanPostProcessorChecker : Bean 'org.springframework.cloud.client.loadbalancer.reactive.LoadBalancerBeanPostProcessorAutoConfiguration$ReactorDeferringLoadBalancerFilterConfig' of type [org.springframework.cloud.client.loadbalancer.reactive.LoadBalancerBeanPostProcessorAutoConfiguration$ReactorDeferringLoadBalancerFilterConfig] is not eligible for getting processed by all BeanPostProcessors (for example: not eligible for auto-proxying)
2024-12-24T14:46:28.960+01:00  INFO 2748 --- [main] trationDelegate$BeanPostProcessorChecker : Bean 'reactorDeferringLoadBalancerExchangeFilterFunction' of type [org.springframework.cloud.client.loadbalancer.reactive.DeferringLoadBalancerExchangeFilterFunction] is not eligible for getting processed by all BeanPostProcessors (for example: not eligible for auto-proxying)
2024-12-24T14:46:29.388+01:00  INFO 2748 --- [main] o.s.b.w.embedded.tomcat.TomcatWebServer  : Tomcat initialized with port(s): 8081 (http)
2024-12-24T14:46:29.407+01:00  INFO 2748 --- [main] o.apache.catalina.core.StandardService   : Starting service [Tomcat]
2024-12-24T14:46:29.408+01:00  INFO 2748 --- [main] o.apache.catalina.core.StandardEngine    : Starting Servlet engine: [Apache Tomcat/10.1.12]
2024-12-24T14:46:29.565+01:00  INFO 2748 --- [main] o.a.c.c.C.[Tomcat].[localhost].[/]       : Initializing Spring embedded WebApplicationContext
2024-12-24T14:46:29.566+01:00  INFO 2748 --- [main] w.s.c.ServletWebServerApplicationContext : Root WebApplicationContext: initialization completed in 2702 ms
2024-12-24T14:46:30.340+01:00  INFO 2748 --- [main] o.hibernate.jpa.internal.util.LogHelper  : HHH000204: Processing PersistenceUnitInfo [name: default]
2024-12-24T14:46:30.480+01:00  INFO 2748 --- [main] org.hibernate.Version                    : HHH000412: Hibernate ORM core version 6.2.7.Final
2024-12-24T14:46:30.484+01:00  INFO 2748 --- [main] org.hibernate.cfg.Environment            : HHH000406: Using bytecode reflection optimizer
2024-12-24T14:46:30.723+01:00  INFO 2748 --- [main] o.h.b.i.BytecodeProviderInitiator        : HHH000021: Bytecode provider name : bytebuddy
2024-12-24T14:46:30.937+01:00  INFO 2748 --- [main] o.s.o.j.p.SpringPersistenceUnitInfo      : No LoadTimeWeaver setup: ignoring JPA class transformer
2024-12-24T14:46:30.964+01:00  INFO 2748 --- [main] com.zaxxer.hikari.HikariDataSource       : HikariPool-1 - Starting...
2024-12-24T14:46:31.425+01:00  INFO 2748 --- [main] com.zaxxer.hikari.pool.HikariPool        : HikariPool-1 - Added connection com.mysql.cj.jdbc.ConnectionImpl@3398ed12
2024-12-24T14:46:31.428+01:00  INFO 2748 --- [main] com.zaxxer.hikari.HikariDataSource       : HikariPool-1 - Start completed.
2024-12-24T14:46:31.492+01:00  WARN 2748 --- [main] org.hibernate.orm.deprecation            : HHH90000026: MySQL8Dialect has been deprecated; use org.hibernate.dialect.MySQLDialect instead
2024-12-24T14:46:31.805+01:00  INFO 2748 --- [main] o.h.b.i.BytecodeProviderInitiator        : HHH000021: Bytecode provider name : bytebuddy
2024-12-24T14:46:32.702+01:00  INFO 2748 --- [main] o.h.e.t.j.p.i.JtaPlatformInitiator       : HHH000490: Using JtaPlatform implementation: [org.hibernate.engine.transaction.jta.platform.internal.NoJtaPlatform]
2024-12-24T14:46:32.778+01:00  INFO 2748 --- [main] j.LocalContainerEntityManagerFactoryBean : Initialized JPA EntityManagerFactory for persistence unit 'default'
2024-12-24T14:46:33.196+01:00  WARN 2748 --- [main] JpaBaseConfiguration$JpaWebConfiguration : spring.jpa.open-in-view is enabled by default. Therefore, database queries may be performed during view rendering. Explicitly configure spring.jpa.open-in-view to disable this warning
2024-12-24T14:46:35.268+01:00  INFO 2748 --- [main] o.s.cloud.commons.util.InetUtils         : Cannot determine local hostname
2024-12-24T14:46:36.787+01:00  INFO 2748 --- [main] o.s.cloud.commons.util.InetUtils         : Cannot determine local hostname
2024-12-24T14:46:37.159+01:00  INFO 2748 --- [main] o.s.c.s.m.DirectWithAttributesChannel    : Channel 'Student.springCloudBusInput' has 1 subscriber(s).
2024-12-24T14:46:39.020+01:00  INFO 2748 --- [main] o.s.cloud.commons.util.InetUtils         : Cannot determine local hostname
2024-12-24T14:46:39.033+01:00  INFO 2748 --- [main] DiscoveryClientOptionalArgsConfiguration : Eureka HTTP Client uses RestTemplate.
2024-12-24T14:46:39.100+01:00  WARN 2748 --- [main] iguration$LoadBalancerCaffeineWarnLogger : Spring Cloud LoadBalancer is currently working with the default cache. While this cache implementation is useful for development and tests, it's recommended to use Caffeine cache in production.You can switch to using Caffeine cache, by adding it and org.springframework.cache.caffeine.CaffeineCacheManager to the classpath.
2024-12-24T14:46:39.113+01:00  INFO 2748 --- [main] o.s.b.a.e.web.EndpointLinksResolver      : Exposing 2 endpoint(s) beneath base path '/actuator'
2024-12-24T14:46:39.228+01:00  WARN 2748 --- [main] ocalVariableTableParameterNameDiscoverer : Using deprecated '-debug' fallback for parameter name resolution. Compile the affected code with '-parameters' instead or avoid its introspection: org.springframework.amqp.rabbit.core.RabbitAdmin
2024-12-24T14:46:39.315+01:00  INFO 2748 --- [main] o.s.i.monitor.IntegrationMBeanExporter   : Registering MessageChannel errorChannel
2024-12-24T14:46:39.324+01:00  INFO 2748 --- [main] o.s.i.monitor.IntegrationMBeanExporter   : Registering MessageChannel springCloudBusInput
2024-12-24T14:46:39.331+01:00  INFO 2748 --- [main] o.s.i.monitor.IntegrationMBeanExporter   : Registering MessageChannel nullChannel
2024-12-24T14:46:39.337+01:00  INFO 2748 --- [main] o.s.i.monitor.IntegrationMBeanExporter   : Registering MessageHandler _org.springframework.integration.errorLogger
2024-12-24T14:46:39.358+01:00  INFO 2748 --- [main] o.s.i.endpoint.EventDrivenConsumer       : Adding {logging-channel-adapter:_org.springframework.integration.errorLogger} as a subscriber to the 'errorChannel' channel
2024-12-24T14:46:39.358+01:00  INFO 2748 --- [main] o.s.i.channel.PublishSubscribeChannel    : Channel 'Student.errorChannel' has 1 subscriber(s).
2024-12-24T14:46:39.358+01:00  INFO 2748 --- [main] o.s.i.endpoint.EventDrivenConsumer       : started bean '_org.springframework.integration.errorLogger'
2024-12-24T14:46:39.370+01:00  INFO 2748 --- [main] o.s.c.n.eureka.InstanceInfoFactory       : Setting initial instance status as: STARTING
2024-12-24T14:46:39.424+01:00  INFO 2748 --- [main] com.netflix.discovery.DiscoveryClient    : Initializing Eureka in region us-east-1
2024-12-24T14:46:39.430+01:00  INFO 2748 --- [main] c.n.d.s.r.aws.ConfigClusterResolver      : Resolving eureka endpoints via configuration
2024-12-24T14:46:39.459+01:00  INFO 2748 --- [main] com.netflix.discovery.DiscoveryClient    : Disable delta property : false
2024-12-24T14:46:39.459+01:00  INFO 2748 --- [main] com.netflix.discovery.DiscoveryClient    : Single vip registry refresh property : null
2024-12-24T14:46:39.459+01:00  INFO 2748 --- [main] com.netflix.discovery.DiscoveryClient    : Force full registry fetch : false
2024-12-24T14:46:39.459+01:00  INFO 2748 --- [main] com.netflix.discovery.DiscoveryClient    : Application is null : false
2024-12-24T14:46:39.459+01:00  INFO 2748 --- [main] com.netflix.discovery.DiscoveryClient    : Registered Applications size is zero : true
2024-12-24T14:46:39.459+01:00  INFO 2748 --- [main] com.netflix.discovery.DiscoveryClient    : Application version is -1: true
2024-12-24T14:46:39.459+01:00  INFO 2748 --- [main] com.netflix.discovery.DiscoveryClient    : Getting all instance registry info from the eureka server
2024-12-24T14:46:39.700+01:00  INFO 2748 --- [main] com.netflix.discovery.DiscoveryClient    : The response status is 200
2024-12-24T14:46:39.703+01:00  INFO 2748 --- [main] com.netflix.discovery.DiscoveryClient    : Starting heartbeat executor: renew interval is: 30
2024-12-24T14:46:39.706+01:00  INFO 2748 --- [main] c.n.discovery.InstanceInfoReplicator     : InstanceInfoReplicator onDemand update allowed rate per min is 4
2024-12-24T14:46:39.710+01:00  INFO 2748 --- [main] com.netflix.discovery.DiscoveryClient    : Discovery Client initialized at timestamp 1735047999710 with initial instances count: 3
2024-12-24T14:46:39.715+01:00  INFO 2748 --- [main] o.s.c.n.e.s.EurekaServiceRegistry        : Registering application STUDENT with eureka with status UP
2024-12-24T14:46:39.716+01:00  INFO 2748 --- [main] com.netflix.discovery.DiscoveryClient    : Saw local status change event StatusChangeEvent [timestamp=1735047999716, current=UP, previous=STARTING]
2024-12-24T14:46:39.718+01:00  INFO 2748 --- [DiscoveryClient-InstanceInfoReplicator-0] com.netflix.discovery.DiscoveryClient    : DiscoveryClient_STUDENT/localhost:Student:8081: registering service...
2024-12-24T14:46:39.745+01:00  INFO 2748 --- [main] o.s.b.w.embedded.tomcat.TomcatWebServer  : Tomcat started on port(s): 8081 (http) with context path ''
2024-12-24T14:46:39.746+01:00  INFO 2748 --- [main] .s.c.n.e.s.EurekaAutoServiceRegistration : Updating port to 8081
2024-12-24T14:46:39.768+01:00  INFO 2748 --- [DiscoveryClient-InstanceInfoReplicator-0] com.netflix.discovery.DiscoveryClient    : DiscoveryClient_STUDENT/localhost:Student:8081 - registration status: 204
2024-12-24T14:46:41.183+01:00  INFO 2748 --- [main] o.s.cloud.commons.util.InetUtils         : Cannot determine local hostname
2024-12-24T14:46:42.629+01:00  INFO 2748 --- [main] o.s.cloud.commons.util.InetUtils         : Cannot determine local hostname
2024-12-24T14:46:42.631+01:00  INFO 2748 --- [main] o.s.c.s.binder.DefaultBinderFactory      : Creating binder: rabbit
2024-12-24T14:46:42.631+01:00  INFO 2748 --- [main] o.s.c.s.binder.DefaultBinderFactory      : Constructing binder child context for rabbit
2024-12-24T14:46:42.719+01:00  INFO 2748 --- [main] o.s.c.s.binder.DefaultBinderFactory      : Caching the binder: rabbit
2024-12-24T14:46:42.803+01:00  INFO 2748 --- [main] c.s.b.r.p.RabbitExchangeQueueProvisioner : declaring queue for inbound: springCloudBus.anonymous.ErxCfNyWTMypTF-blWMzlA, bound to: springCloudBus
2024-12-24T14:46:42.811+01:00  INFO 2748 --- [main] o.s.a.r.c.CachingConnectionFactory       : Attempting to connect to: [localhost:5672]
2024-12-24T14:46:42.891+01:00  INFO 2748 --- [main] o.s.a.r.c.CachingConnectionFactory       : Created new connection: rabbitConnectionFactory#11f8d64:0/SimpleConnection@8921749 [delegate=amqp://guest@127.0.0.1:5672/, localPort=51626]
2024-12-24T14:46:42.969+01:00  INFO 2748 --- [main] o.s.c.stream.binder.BinderErrorChannel   : Channel 'rabbit-63048434.springCloudBusInput.errors' has 1 subscriber(s).
2024-12-24T14:46:42.970+01:00  INFO 2748 --- [main] o.s.c.stream.binder.BinderErrorChannel   : Channel 'rabbit-63048434.springCloudBusInput.errors' has 2 subscriber(s).
2024-12-24T14:46:42.997+01:00  INFO 2748 --- [main] o.s.i.a.i.AmqpInboundChannelAdapter      : started bean 'inbound.springCloudBus.anonymous.ErxCfNyWTMypTF-blWMzlA'
2024-12-24T14:46:43.022+01:00  INFO 2748 --- [main] o.s.i.monitor.IntegrationMBeanExporter   : Registering MessageChannel rabbit-63048434.springCloudBusInput.errors
2024-12-24T14:46:43.044+01:00  INFO 2748 --- [main] ma.ac.emi.student.StudentApplication     : Started StudentApplication in 19.798 seconds (process running for 20.818)
2024-12-24T14:46:43.245+01:00  INFO 2748 --- [RMI TCP Connection(3)-10.72.178.109] o.a.c.c.C.[Tomcat].[localhost].[/]       : Initializing Spring DispatcherServlet 'dispatcherServlet'
2024-12-24T14:46:43.246+01:00  INFO 2748 --- [RMI TCP Connection(3)-10.72.178.109] o.s.web.servlet.DispatcherServlet        : Initializing Servlet 'dispatcherServlet'
2024-12-24T14:46:43.249+01:00  INFO 2748 --- [RMI TCP Connection(3)-10.72.178.109] o.s.web.servlet.DispatcherServlet        : Completed initialization in 3 ms
2024-12-24T14:46:58.637+01:00  INFO 2748 --- [SpringApplicationShutdownHook] o.s.c.n.e.s.EurekaServiceRegistry        : Unregistering application STUDENT with eureka with status DOWN
2024-12-24T14:46:58.637+01:00  INFO 2748 --- [SpringApplicationShutdownHook] com.netflix.discovery.DiscoveryClient    : Saw local status change event StatusChangeEvent [timestamp=1735048018637, current=DOWN, previous=UP]
2024-12-24T14:46:58.637+01:00  INFO 2748 --- [DiscoveryClient-InstanceInfoReplicator-0] com.netflix.discovery.DiscoveryClient    : DiscoveryClient_STUDENT/localhost:Student:8081: registering service...
2024-12-24T14:46:58.651+01:00  INFO 2748 --- [DiscoveryClient-InstanceInfoReplicator-0] com.netflix.discovery.DiscoveryClient    : DiscoveryClient_STUDENT/localhost:Student:8081 - registration status: 204
2024-12-24T14:46:58.653+01:00  INFO 2748 --- [SpringApplicationShutdownHook] o.s.a.r.l.SimpleMessageListenerContainer : Waiting for workers to finish.
2024-12-24T14:46:59.107+01:00  INFO 2748 --- [SpringApplicationShutdownHook] o.s.a.r.l.SimpleMessageListenerContainer : Successfully waited for workers to finish.
2024-12-24T14:46:59.108+01:00  INFO 2748 --- [SpringApplicationShutdownHook] o.s.i.a.i.AmqpInboundChannelAdapter      : stopped bean 'inbound.springCloudBus.anonymous.ErxCfNyWTMypTF-blWMzlA'
2024-12-24T14:46:59.112+01:00  INFO 2748 --- [SpringApplicationShutdownHook] o.s.c.stream.binder.BinderErrorChannel   : Channel 'Student.rabbit-63048434.springCloudBusInput.errors' has 1 subscriber(s).
2024-12-24T14:46:59.152+01:00  INFO 2748 --- [SpringApplicationShutdownHook] o.s.i.endpoint.EventDrivenConsumer       : Removing {logging-channel-adapter:_org.springframework.integration.errorLogger} as a subscriber to the 'errorChannel' channel
2024-12-24T14:46:59.152+01:00  INFO 2748 --- [SpringApplicationShutdownHook] o.s.i.channel.PublishSubscribeChannel    : Channel 'Student.errorChannel' has 0 subscriber(s).
2024-12-24T14:46:59.153+01:00  INFO 2748 --- [SpringApplicationShutdownHook] o.s.i.endpoint.EventDrivenConsumer       : stopped bean '_org.springframework.integration.errorLogger'
2024-12-24T14:46:59.171+01:00  INFO 2748 --- [SpringApplicationShutdownHook] j.LocalContainerEntityManagerFactoryBean : Closing JPA EntityManagerFactory for persistence unit 'default'
2024-12-24T14:46:59.174+01:00  INFO 2748 --- [SpringApplicationShutdownHook] com.zaxxer.hikari.HikariDataSource       : HikariPool-1 - Shutdown initiated...
2024-12-24T14:46:59.184+01:00  INFO 2748 --- [SpringApplicationShutdownHook] com.zaxxer.hikari.HikariDataSource       : HikariPool-1 - Shutdown completed.
2024-12-24T14:47:00.198+01:00  INFO 2748 --- [SpringApplicationShutdownHook] com.netflix.discovery.DiscoveryClient    : Shutting down DiscoveryClient ...
2024-12-24T14:47:03.202+01:00  INFO 2748 --- [SpringApplicationShutdownHook] com.netflix.discovery.DiscoveryClient    : Unregistering ...
2024-12-24T14:47:03.220+01:00  INFO 2748 --- [SpringApplicationShutdownHook] com.netflix.discovery.DiscoveryClient    : DiscoveryClient_STUDENT/localhost:Student:8081 - deregister  status: 200
2024-12-24T14:47:03.225+01:00  INFO 2748 --- [SpringApplicationShutdownHook] com.netflix.discovery.DiscoveryClient    : Completed shut down of DiscoveryClient
